<?xml version="1.0" encoding="UTF-8"?>
<!-- Generated by org.testng.reporters.JUnitReportReporter -->
<testsuite hostname="DESKTOP-9NURHT7" name="com.auto.MemberInfoAPITest" tests="1" failures="0" timestamp="19 Aug 2016 08:41:36 GMT" time="0.612" errors="0">
  <testcase name="testGetTokenNotExist" time="0.612" classname="com.auto.MemberInfoAPITest"/>
</testsuite> <!-- com.auto.MemberInfoAPITest -->
