<?xml version="1.0" encoding="UTF-8"?>
<!-- Generated by org.testng.reporters.JUnitReportReporter -->
<testsuite hostname="DESKTOP-9NURHT7" name="com.auto.v31.MemberInfoTest" tests="7" failures="0" timestamp="26 Aug 2016 09:25:43 GMT" time="1.067" errors="0">
  <testcase name="testMemberInfoWithBaseInfo_Success" time="0.674" classname="com.auto.v31.MemberInfoTest"/>
  <testcase name="testMemberInfoWithFakeToken_Failure" time="0.019" classname="com.auto.v31.MemberInfoTest"/>
  <testcase name="testMemberInfoWithList_Success" time="0.001" classname="com.auto.v31.MemberInfoTest"/>
  <testcase name="testMemberInfoWithOwnerInfo_Success" time="0.171" classname="com.auto.v31.MemberInfoTest"/>
  <testcase name="testMemberInfoWithTokenNull_Failure" time="0.068" classname="com.auto.v31.MemberInfoTest"/>
  <testcase name="testMemberInfoWithRentInfo_Success" time="0.102" classname="com.auto.v31.MemberInfoTest"/>
  <testcase name="testMemberInfoWithEmptyToken_Failure" time="0.032" classname="com.auto.v31.MemberInfoTest"/>
</testsuite> <!-- com.auto.v31.MemberInfoTest -->
