<?xml version="1.0" encoding="UTF-8"?>
<!-- Generated by org.testng.reporters.JUnitReportReporter -->
<testsuite hostname="DESKTOP-9NURHT7" name="com.auto.v33.TransDetailRenterTest" tests="2" failures="0" timestamp="26 Aug 2016 09:25:43 GMT" time="0.464" errors="0">
  <testcase name="testRentNotSeeIllegalDepositRule_Success" time="0.192" classname="com.auto.v33.TransDetailRenterTest"/>
  <testcase name="testRentAlreadySeeIllegalDepositRule_Success" time="0.272" classname="com.auto.v33.TransDetailRenterTest"/>
</testsuite> <!-- com.auto.v33.TransDetailRenterTest -->
