<?xml version="1.0" encoding="UTF-8"?>
<!-- Generated by org.testng.reporters.JUnitReportReporter -->
<testsuite hostname="DESKTOP-9NURHT7" name="com.auto.v33.TransDetailOwnerTest" tests="2" failures="0" timestamp="26 Aug 2016 09:25:43 GMT" time="0.434" errors="0">
  <testcase name="testOwnerAlreadySeeIllegalDepositRule_Success" time="0.238" classname="com.auto.v33.TransDetailOwnerTest"/>
  <testcase name="testOwnerNotSeeIllegalDepositRule_Success" time="0.196" classname="com.auto.v33.TransDetailOwnerTest"/>
</testsuite> <!-- com.auto.v33.TransDetailOwnerTest -->
